# JRE version: Java(TM) SE Runtime Environment (8.0_212-b10) (build 1.8.0_212-b10)
# Java VM: Java HotSpot(TM) 64-Bit Server VM (25.212-b10 mixed mode windows-amd64 compressed oops)
Heap:
 PSYoungGen      total 59392K, used 29547K [0x0000000716000000, 0x000000071a380000, 0x00000007c0000000)
  eden space 49664K, 43% used [0x0000000716000000,0x00000007174e8848,0x0000000719080000)
  from space 9728K, 83% used [0x0000000719a00000,0x000000071a1f2460,0x000000071a380000)
  to   space 9728K, 0% used [0x0000000719080000,0x0000000719080000,0x0000000719a00000)
 ParOldGen       total 210432K, used 12906K [0x00000005c2000000, 0x00000005ced80000, 0x0000000716000000)
  object space 210432K, 6% used [0x00000005c2000000,0x00000005c2c9ab08,0x00000005ced80000)
 Metaspace       used 26901K, capacity 27994K, committed 28160K, reserved 1075200K
  class space    used 3063K, capacity 3289K, committed 3328K, reserved 1048576K
GC Heap History (10 events):
Event: 1697582.024 GC heap before
{Heap before GC invocations=155 (full 1):
 PSYoungGen      total 59392K, used 57752K [0x0000000716000000, 0x000000071a380000, 0x00000007c0000000)
  eden space 49664K, 100% used [0x0000000716000000,0x0000000719080000,0x0000000719080000)
  from space 9728K, 83% used [0x0000000719080000,0x0000000719866210,0x0000000719a00000)
  to   space 9728K, 0% used [0x0000000719a00000,0x0000000719a00000,0x000000071a380000)
 ParOldGen       total 210432K, used 12882K [0x00000005c2000000, 0x00000005ced80000, 0x0000000716000000)
  object space 210432K, 6% used [0x00000005c2000000,0x00000005c2c94b08,0x00000005ced80000)
 Metaspace       used 26805K, capacity 27930K, committed 28160K, reserved 1075200K
  class space    used 3055K, capacity 3289K, committed 3328K, reserved 1048576K
Event: 1697582.028 GC heap after
Heap after GC invocations=155 (full 1):
 PSYoungGen      total 59392K, used 8473K [0x0000000716000000, 0x000000071a380000, 0x00000007c0000000)
  eden space 49664K, 0% used [0x0000000716000000,0x0000000716000000,0x0000000719080000)
  from space 9728K, 87% used [0x0000000719a00000,0x000000071a246730,0x000000071a380000)
  to   space 9728K, 0% used [0x0000000719080000,0x0000000719080000,0x0000000719a00000)
 ParOldGen       total 210432K, used 12906K [0x00000005c2000000, 0x00000005ced80000, 0x0000000716000000)
  object space 210432K, 6% used [0x00000005c2000000,0x00000005c2c9ab08,0x00000005ced80000)
 Metaspace       used 26805K, capacity 27930K, committed 28160K, reserved 1075200K
  class space    used 3055K, capacity 3289K, committed 3328K, reserved 1048576K
}
Event: 1708289.218 GC heap before
{Heap before GC invocations=156 (full 1):
 PSYoungGen      total 59392K, used 58137K [0x0000000716000000, 0x000000071a380000, 0x00000007c0000000)
  eden space 49664K, 100% used [0x0000000716000000,0x0000000719080000,0x0000000719080000)
  from space 9728K, 87% used [0x0000000719a00000,0x000000071a246730,0x000000071a380000)
  to   space 9728K, 0% used [0x0000000719080000,0x0000000719080000,0x0000000719a00000)
 ParOldGen       total 210432K, used 12906K [0x00000005c2000000, 0x00000005ced80000, 0x0000000716000000)
  object space 210432K, 6% used [0x00000005c2000000,0x00000005c2c9ab08,0x00000005ced80000)
 Metaspace       used 26805K, capacity 27930K, committed 28160K, reserved 1075200K
  class space    used 3055K, capacity 3289K, committed 3328K, reserved 1048576K
Event: 1708289.223 GC heap after
Heap after GC invocations=156 (full 1):
 PSYoungGen      total 59392K, used 8943K [0x0000000716000000, 0x000000071a380000, 0x00000007c0000000)
  eden space 49664K, 0% used [0x0000000716000000,0x0000000716000000,0x0000000719080000)
  from space 9728K, 91% used [0x0000000719080000,0x000000071993bce0,0x0000000719a00000)
  to   space 9728K, 0% used [0x0000000719a00000,0x0000000719a00000,0x000000071a380000)
 ParOldGen       total 210432K, used 12906K [0x00000005c2000000, 0x00000005ced80000, 0x0000000716000000)
  object space 210432K, 6% used [0x00000005c2000000,0x00000005c2c9ab08,0x00000005ced80000)
 Metaspace       used 26805K, capacity 27930K, committed 28160K, reserved 1075200K
  class space    used 3055K, capacity 3289K, committed 3328K, reserved 1048576K
}
Event: 1716935.741 GC heap before
{Heap before GC invocations=157 (full 1):
 PSYoungGen      total 59392K, used 58607K [0x0000000716000000, 0x000000071a380000, 0x00000007c0000000)
  eden space 49664K, 100% used [0x0000000716000000,0x0000000719080000,0x0000000719080000)
  from space 9728K, 91% used [0x0000000719080000,0x000000071993bce0,0x0000000719a00000)
  to   space 9728K, 0% used [0x0000000719a00000,0x0000000719a00000,0x000000071a380000)
 ParOldGen       total 210432K, used 12906K [0x00000005c2000000, 0x00000005ced80000, 0x0000000716000000)
  object space 210432K, 6% used [0x00000005c2000000,0x00000005c2c9ab08,0x00000005ced80000)
 Metaspace       used 26805K, capacity 27930K, committed 28160K, reserved 1075200K
  class space    used 3055K, capacity 3289K, committed 3328K, reserved 1048576K
Event: 1716935.745 GC heap after
Heap after GC invocations=157 (full 1):
 PSYoungGen      total 59392K, used 8107K [0x0000000716000000, 0x000000071a380000, 0x00000007c0000000)
  eden space 49664K, 0% used [0x0000000716000000,0x0000000716000000,0x0000000719080000)
  from space 9728K, 83% used [0x0000000719a00000,0x000000071a1eacc0,0x000000071a380000)
  to   space 9728K, 0% used [0x0000000719080000,0x0000000719080000,0x0000000719a00000)
 ParOldGen       total 210432K, used 12906K [0x00000005c2000000, 0x00000005ced80000, 0x0000000716000000)
  object space 210432K, 6% used [0x00000005c2000000,0x00000005c2c9ab08,0x00000005ced80000)
 Metaspace       used 26805K, capacity 27930K, committed 28160K, reserved 1075200K
  class space    used 3055K, capacity 3289K, committed 3328K, reserved 1048576K
}
Event: 1727356.887 GC heap before
{Heap before GC invocations=158 (full 1):
 PSYoungGen      total 59392K, used 57771K [0x0000000716000000, 0x000000071a380000, 0x00000007c0000000)
  eden space 49664K, 100% used [0x0000000716000000,0x0000000719080000,0x0000000719080000)
  from space 9728K, 83% used [0x0000000719a00000,0x000000071a1eacc0,0x000000071a380000)
  to   space 9728K, 0% used [0x0000000719080000,0x0000000719080000,0x0000000719a00000)
 ParOldGen       total 210432K, used 12906K [0x00000005c2000000, 0x00000005ced80000, 0x0000000716000000)
  object space 210432K, 6% used [0x00000005c2000000,0x00000005c2c9ab08,0x00000005ced80000)
 Metaspace       used 26805K, capacity 27930K, committed 28160K, reserved 1075200K
  class space    used 3055K, capacity 3289K, committed 3328K, reserved 1048576K
Event: 1727356.892 GC heap after
Heap after GC invocations=158 (full 1):
 PSYoungGen      total 59392K, used 8408K [0x0000000716000000, 0x000000071a380000, 0x00000007c0000000)
  eden space 49664K, 0% used [0x0000000716000000,0x0000000716000000,0x0000000719080000)
  from space 9728K, 86% used [0x0000000719080000,0x00000007198b6070,0x0000000719a00000)
  to   space 9728K, 0% used [0x0000000719a00000,0x0000000719a00000,0x000000071a380000)
 ParOldGen       total 210432K, used 12906K [0x00000005c2000000, 0x00000005ced80000, 0x0000000716000000)
  object space 210432K, 6% used [0x00000005c2000000,0x00000005c2c9ab08,0x00000005ced80000)
 Metaspace       used 26805K, capacity 27930K, committed 28160K, reserved 1075200K
  class space    used 3055K, capacity 3289K, committed 3328K, reserved 1048576K
}
Event: 1736159.952 GC heap before
{Heap before GC invocations=159 (full 1):
 PSYoungGen      total 59392K, used 58072K [0x0000000716000000, 0x000000071a380000, 0x00000007c0000000)
  eden space 49664K, 100% used [0x0000000716000000,0x0000000719080000,0x0000000719080000)
  from space 9728K, 86% used [0x0000000719080000,0x00000007198b6070,0x0000000719a00000)
  to   space 9728K, 0% used [0x0000000719a00000,0x0000000719a00000,0x000000071a380000)
 ParOldGen       total 210432K, used 12906K [0x00000005c2000000, 0x00000005ced80000, 0x0000000716000000)
  object space 210432K, 6% used [0x00000005c2000000,0x00000005c2c9ab08,0x00000005ced80000)
 Metaspace       used 26812K, capacity 27930K, committed 28160K, reserved 1075200K
  class space    used 3056K, capacity 3289K, committed 3328K, reserved 1048576K
Event: 1736159.956 GC heap after
Heap after GC invocations=159 (full 1):
 PSYoungGen      total 59392K, used 8137K [0x0000000716000000, 0x000000071a380000, 0x00000007c0000000)
  eden space 49664K, 0% used [0x0000000716000000,0x0000000716000000,0x0000000719080000)
  from space 9728K, 83% used [0x0000000719a00000,0x000000071a1f2460,0x000000071a380000)
  to   space 9728K, 0% used [0x0000000719080000,0x0000000719080000,0x0000000719a00000)
 ParOldGen       total 210432K, used 12906K [0x00000005c2000000, 0x00000005ced80000, 0x0000000716000000)
  object space 210432K, 6% used [0x00000005c2000000,0x00000005c2c9ab08,0x00000005ced80000)
 Metaspace       used 26812K, capacity 27930K, committed 28160K, reserved 1075200K
  class space    used 3056K, capacity 3289K, committed 3328K, reserved 1048576K
}

